  [1m[35m (0.1ms)[0m  [1m[34mSELECT sqlite_version(*)[0m
  ↳ C:/Ruby26-x64/bin/rake:23
  [1m[35m (2.5ms)[0m  [1m[35mCREATE TABLE "schema_migrations" ("version" varchar NOT NULL PRIMARY KEY)[0m
  ↳ C:/Ruby26-x64/bin/rake:23
  [1m[35m (1.9ms)[0m  [1m[35mCREATE TABLE "ar_internal_metadata" ("key" varchar NOT NULL PRIMARY KEY, "value" varchar, "created_at" datetime NOT NULL, "updated_at" datetime NOT NULL)[0m
  ↳ C:/Ruby26-x64/bin/rake:23
  [1m[35m (0.1ms)[0m  [1m[34mSELECT "schema_migrations"."version" FROM "schema_migrations" ORDER BY "schema_migrations"."version" ASC[0m
  ↳ C:/Ruby26-x64/bin/rake:23
Migrating to CreatePosts (20200705073857)
  [1m[35m (0.0ms)[0m  [1m[36mbegin transaction[0m
  ↳ C:/Ruby26-x64/bin/rake:23
  [1m[35m (0.6ms)[0m  [1m[35mCREATE TABLE "posts" ("id" integer PRIMARY KEY AUTOINCREMENT NOT NULL, "title" varchar, "body" varchar, "created_at" datetime NOT NULL, "updated_at" datetime NOT NULL)[0m
  ↳ db/migrate/20200705073857_create_posts.rb:3
  [1m[36mActiveRecord::SchemaMigration Create (0.1ms)[0m  [1m[32mINSERT INTO "schema_migrations" ("version") VALUES (?)[0m  [["version", "20200705073857"]]
  ↳ C:/Ruby26-x64/bin/rake:23
  [1m[35m (1.6ms)[0m  [1m[36mcommit transaction[0m
  ↳ C:/Ruby26-x64/bin/rake:23
  [1m[36mActiveRecord::InternalMetadata Load (0.2ms)[0m  [1m[34mSELECT  "ar_internal_metadata".* FROM "ar_internal_metadata" WHERE "ar_internal_metadata"."key" = ? LIMIT ?[0m  [["key", "environment"], ["LIMIT", 1]]
  ↳ C:/Ruby26-x64/bin/rake:23
  [1m[35m (0.0ms)[0m  [1m[36mbegin transaction[0m
  ↳ C:/Ruby26-x64/bin/rake:23
  [1m[36mActiveRecord::InternalMetadata Create (0.7ms)[0m  [1m[32mINSERT INTO "ar_internal_metadata" ("key", "value", "created_at", "updated_at") VALUES (?, ?, ?, ?)[0m  [["key", "environment"], ["value", "development"], ["created_at", "2020-07-05 07:39:14.353501"], ["updated_at", "2020-07-05 07:39:14.353501"]]
  ↳ C:/Ruby26-x64/bin/rake:23
  [1m[35m (1.5ms)[0m  [1m[36mcommit transaction[0m
  ↳ C:/Ruby26-x64/bin/rake:23
  [1m[35m (0.2ms)[0m  [1m[34mSELECT "schema_migrations"."version" FROM "schema_migrations" ORDER BY "schema_migrations"."version" ASC[0m
  ↳ C:/Ruby26-x64/bin/rake:23
Started GET "/posts" for ::1 at 2020-07-05 16:39:29 +0900
  [1m[35m (0.1ms)[0m  [1m[34mSELECT "schema_migrations"."version" FROM "schema_migrations" ORDER BY "schema_migrations"."version" ASC[0m
  ↳ C:/Ruby26-x64/lib/ruby/gems/2.6.0/gems/activerecord-5.2.4.3/lib/active_record/log_subscriber.rb:98
Processing by PostsController#index as HTML
  Rendering posts/index.html.erb within layouts/application
  [1m[36mPost Load (0.3ms)[0m  [1m[34mSELECT "posts".* FROM "posts"[0m
  ↳ app/views/posts/index.html.erb:15
  Rendered posts/index.html.erb within layouts/application (8.2ms)
Completed 200 OK in 364ms (Views: 356.3ms | ActiveRecord: 0.7ms)


